# JRE version: Java(TM) SE Runtime Environment 18.9 (11.0.12+8) (build 11.0.12+8-LTS-237)
# Java VM: Java HotSpot(TM) 64-Bit Server VM 18.9 (11.0.12+8-LTS-237, mixed mode, tiered, compressed oops, g1 gc, windows-amd64)
Heap:
 garbage-first heap   total 520192K, used 344064K [0x0000000080000000, 0x0000000100000000)
  region size 1024K, 127 young (130048K), 13 survivors (13312K)
 Metaspace       used 89656K, capacity 96773K, committed 96976K, reserved 1132544K
  class space    used 11692K, capacity 13608K, committed 13696K, reserved 1048576K
GC Heap History (10 events):
Event: 40.427 GC heap before
{Heap before GC invocations=13 (full 0):
 garbage-first heap   total 520192K, used 241152K [0x0000000080000000, 0x0000000100000000)
  region size 1024K, 177 young (181248K), 12 survivors (12288K)
 Metaspace       used 71067K, capacity 75176K, committed 75472K, reserved 1114112K
  class space    used 9139K, capacity 10261K, committed 10368K, reserved 1048576K
}
Event: 40.493 GC heap after
{Heap after GC invocations=14 (full 0):
 garbage-first heap   total 520192K, used 105274K [0x0000000080000000, 0x0000000100000000)
  region size 1024K, 23 young (23552K), 23 survivors (23552K)
 Metaspace       used 71067K, capacity 75176K, committed 75472K, reserved 1114112K
  class space    used 9139K, capacity 10261K, committed 10368K, reserved 1048576K
}
Event: 43.784 GC heap before
{Heap before GC invocations=14 (full 0):
 garbage-first heap   total 520192K, used 261946K [0x0000000080000000, 0x0000000100000000)
  region size 1024K, 172 young (176128K), 23 survivors (23552K)
 Metaspace       used 74579K, capacity 81080K, committed 81104K, reserved 1120256K
  class space    used 9664K, capacity 11369K, committed 11392K, reserved 1048576K
}
Event: 43.864 GC heap after
{Heap after GC invocations=15 (full 0):
 garbage-first heap   total 520192K, used 142336K [0x0000000080000000, 0x0000000100000000)
  region size 1024K, 22 young (22528K), 22 survivors (22528K)
 Metaspace       used 74579K, capacity 81080K, committed 81104K, reserved 1120256K
  class space    used 9664K, capacity 11369K, committed 11392K, reserved 1048576K
}
Event: 49.172 GC heap before
{Heap before GC invocations=15 (full 0):
 garbage-first heap   total 520192K, used 324608K [0x0000000080000000, 0x0000000100000000)
  region size 1024K, 200 young (204800K), 22 survivors (22528K)
 Metaspace       used 81976K, capacity 88723K, committed 88912K, reserved 1126400K
  class space    used 10652K, capacity 12429K, committed 12544K, reserved 1048576K
}
Event: 49.264 GC heap after
{Heap after GC invocations=16 (full 0):
 garbage-first heap   total 520192K, used 172544K [0x0000000080000000, 0x0000000100000000)
  region size 1024K, 25 young (25600K), 25 survivors (25600K)
 Metaspace       used 81976K, capacity 88723K, committed 88912K, reserved 1126400K
  class space    used 10652K, capacity 12429K, committed 12544K, reserved 1048576K
}
Event: 56.724 GC heap before
{Heap before GC invocations=16 (full 0):
 garbage-first heap   total 520192K, used 351744K [0x0000000080000000, 0x0000000100000000)
  region size 1024K, 200 young (204800K), 25 survivors (25600K)
 Metaspace       used 86728K, capacity 93561K, committed 93904K, reserved 1130496K
  class space    used 11277K, capacity 13065K, committed 13184K, reserved 1048576K
}
Event: 56.805 GC heap after
{Heap after GC invocations=17 (full 0):
 garbage-first heap   total 520192K, used 210944K [0x0000000080000000, 0x0000000100000000)
  region size 1024K, 25 young (25600K), 25 survivors (25600K)
 Metaspace       used 86728K, capacity 93561K, committed 93904K, reserved 1130496K
  class space    used 11277K, capacity 13065K, committed 13184K, reserved 1048576K
}
Event: 59.203 GC heap before
{Heap before GC invocations=17 (full 0):
 garbage-first heap   total 520192K, used 369664K [0x0000000080000000, 0x0000000100000000)
  region size 1024K, 180 young (184320K), 25 survivors (25600K)
 Metaspace       used 89167K, capacity 96261K, committed 96336K, reserved 1132544K
  class space    used 11632K, capacity 13544K, committed 13568K, reserved 1048576K
}
Event: 59.252 GC heap after
{Heap after GC invocations=18 (full 0):
 garbage-first heap   total 520192K, used 225280K [0x0000000080000000, 0x0000000100000000)
  region size 1024K, 13 young (13312K), 13 survivors (13312K)
 Metaspace       used 89167K, capacity 96261K, committed 96336K, reserved 1132544K
  class space    used 11632K, capacity 13544K, committed 13568K, reserved 1048576K
}

